[    0.000000] Linux version 4.15.0-123-generic (buildd@lcy01-amd64-017) (gcc version 7.5.0 (Ubuntu 7.5.0-3ubuntu1~18.04)) #126-Ubuntu SMP Wed Oct 21 09:40:11 UTC 2020 (Ubuntu 4.15.0-123.126-generic 4.15.18)
[    0.000000] Command line: BOOT_IMAGE=/boot/vmlinuz-4.15.0-123-generic root=LABEL=cloudimg-rootfs ro console=tty1 console=ttyS0
[    0.000000] KERNEL supported cpus:
[    0.000000]   Intel GenuineIntel
[    0.000000]   AMD AuthenticAMD
[    0.000000]   Centaur CentaurHauls
[    0.000000] x86/fpu: Supporting XSAVE feature 0x001: 'x87 floating point registers'
[    0.000000] x86/fpu: Supporting XSAVE feature 0x002: 'SSE registers'
[    0.000000] x86/fpu: Supporting XSAVE feature 0x004: 'AVX registers'
[    0.000000] x86/fpu: xstate_offset[2]:  576, xstate_sizes[2]:  256
[    0.000000] x86/fpu: Enabled xstate features 0x7, context size is 832 bytes, using 'standard' format.
[    0.000000] e820: BIOS-provided physical RAM map:
[    0.000000] BIOS-e820: [mem 0x0000000000000000-0x000000000009fbff] usable
[    0.000000] BIOS-e820: [mem 0x000000000009fc00-0x000000000009ffff] reserved
[    0.000000] BIOS-e820: [mem 0x00000000000f0000-0x00000000000fffff] reserved
[    0.000000] BIOS-e820: [mem 0x0000000000100000-0x00000000dffeffff] usable
[    0.000000] BIOS-e820: [mem 0x00000000dfff0000-0x00000000dfffffff] ACPI data
[    0.000000] BIOS-e820: [mem 0x00000000fec00000-0x00000000fec00fff] reserved
[    0.000000] BIOS-e820: [mem 0x00000000fee00000-0x00000000fee00fff] reserved
[    0.000000] BIOS-e820: [mem 0x00000000fffc0000-0x00000000ffffffff] reserved
[    0.000000] BIOS-e820: [mem 0x0000000100000000-0x000000011fffffff] usable
[    0.000000] NX (Execute Disable) protection: active
[    0.000000] SMBIOS 2.5 present.
[    0.000000] DMI: innotek GmbH VirtualBox/VirtualBox, BIOS VirtualBox 12/01/2006
[    0.000000] Hypervisor detected: KVM
[    0.000000] e820: last_pfn = 0x120000 max_arch_pfn = 0x400000000
[    0.000000] MTRR: Disabled
[    0.000000] x86/PAT: MTRRs disabled, skipping PAT initialization too.
[    0.000000] CPU MTRRs all blank - virtualized system.
[    0.000000] x86/PAT: Configuration [0-7]: WB  WT  UC- UC  WB  WT  UC- UC  
[    0.000000] e820: last_pfn = 0xdfff0 max_arch_pfn = 0x400000000
[    0.000000] found SMP MP-table at [mem 0x0009fff0-0x0009ffff]
[    0.000000] Scanning 1 areas for low memory corruption
[    0.000000] RAMDISK: [mem 0x35a65000-0x36d29fff]
[    0.000000] ACPI: Early table checksum verification disabled
[    0.000000] ACPI: RSDP 0x00000000000E0000 000024 (v02 VBOX  )
[    0.000000] ACPI: XSDT 0x00000000DFFF0030 00003C (v01 VBOX   VBOXXSDT 00000001 ASL  00000061)
[    0.000000] ACPI: FACP 0x00000000DFFF00F0 0000F4 (v04 VBOX   VBOXFACP 00000001 ASL  00000061)
[    0.000000] ACPI: DSDT 0x00000000DFFF0480 0022EA (v02 VBOX   VBOXBIOS 00000002 INTL 20100528)
[    0.000000] ACPI: FACS 0x00000000DFFF0200 000040
[    0.000000] ACPI: FACS 0x00000000DFFF0200 000040
[    0.000000] ACPI: APIC 0x00000000DFFF0240 00006C (v02 VBOX   VBOXAPIC 00000001 ASL  00000061)
[    0.000000] ACPI: SSDT 0x00000000DFFF02B0 0001CC (v01 VBOX   VBOXCPUT 00000002 INTL 20100528)
[    0.000000] No NUMA configuration found
[    0.000000] Faking a node at [mem 0x0000000000000000-0x000000011fffffff]
[    0.000000] NODE_DATA(0) allocated [mem 0x11ffd1000-0x11fffbfff]
[    0.000000] kvm-clock: cpu 0, msr 1:1ff50001, primary cpu clock
[    0.000000] kvm-clock: Using msrs 4b564d01 and 4b564d00
[    0.000000] kvm-clock: using sched offset of 3309700054 cycles
[    0.000000] clocksource: kvm-clock: mask: 0xffffffffffffffff max_cycles: 0x1cd42e4dffb, max_idle_ns: 881590591483 ns
[    0.000000] Zone ranges:
[    0.000000]   DMA      [mem 0x0000000000001000-0x0000000000ffffff]
[    0.000000]   DMA32    [mem 0x0000000001000000-0x00000000ffffffff]
[    0.000000]   Normal   [mem 0x0000000100000000-0x000000011fffffff]
[    0.000000]   Device   empty
[    0.000000] Movable zone start for each node
[    0.000000] Early memory node ranges
[    0.000000]   node   0: [mem 0x0000000000001000-0x000000000009efff]
[    0.000000]   node   0: [mem 0x0000000000100000-0x00000000dffeffff]
[    0.000000]   node   0: [mem 0x0000000100000000-0x000000011fffffff]
[    0.000000] Reserved but unavailable: 98 pages
[    0.000000] Initmem setup node 0 [mem 0x0000000000001000-0x000000011fffffff]
[    0.000000] ACPI: PM-Timer IO Port: 0x4008
[    0.000000] IOAPIC[0]: apic_id 4, version 32, address 0xfec00000, GSI 0-23
[    0.000000] ACPI: INT_SRC_OVR (bus 0 bus_irq 0 global_irq 2 dfl dfl)
[    0.000000] ACPI: INT_SRC_OVR (bus 0 bus_irq 9 global_irq 9 low level)
[    0.000000] Using ACPI (MADT) for SMP configuration information
[    0.000000] smpboot: Allowing 4 CPUs, 0 hotplug CPUs
[    0.000000] PM: Registered nosave memory: [mem 0x00000000-0x00000fff]
[    0.000000] PM: Registered nosave memory: [mem 0x0009f000-0x0009ffff]
[    0.000000] PM: Registered nosave memory: [mem 0x000a0000-0x000effff]
[    0.000000] PM: Registered nosave memory: [mem 0x000f0000-0x000fffff]
[    0.000000] PM: Registered nosave memory: [mem 0xdfff0000-0xdfffffff]
[    0.000000] PM: Registered nosave memory: [mem 0xe0000000-0xfebfffff]
[    0.000000] PM: Registered nosave memory: [mem 0xfec00000-0xfec00fff]
[    0.000000] PM: Registered nosave memory: [mem 0xfec01000-0xfedfffff]
[    0.000000] PM: Registered nosave memory: [mem 0xfee00000-0xfee00fff]
[    0.000000] PM: Registered nosave memory: [mem 0xfee01000-0xfffbffff]
[    0.000000] PM: Registered nosave memory: [mem 0xfffc0000-0xffffffff]
[    0.000000] e820: [mem 0xe0000000-0xfebfffff] available for PCI devices
[    0.000000] Booting paravirtualized kernel on KVM
[    0.000000] clocksource: refined-jiffies: mask: 0xffffffff max_cycles: 0xffffffff, max_idle_ns: 7645519600211568 ns
[    0.000000] random: get_random_bytes called from start_kernel+0x99/0x500 with crng_init=0
[    0.000000] setup_percpu: NR_CPUS:8192 nr_cpumask_bits:4 nr_cpu_ids:4 nr_node_ids:1
[    0.000000] percpu: Embedded 45 pages/cpu s147456 r8192 d28672 u524288
[    0.000000] PV qspinlock hash table entries: 256 (order: 0, 4096 bytes)
[    0.000000] Built 1 zonelists, mobility grouping on.  Total pages: 1032057
[    0.000000] Policy zone: Normal
[    0.000000] Kernel command line: BOOT_IMAGE=/boot/vmlinuz-4.15.0-123-generic root=LABEL=cloudimg-rootfs ro console=tty1 console=ttyS0
[    0.000000] Memory: 4013276K/4193848K available (12300K kernel code, 2482K rwdata, 4272K rodata, 2436K init, 2724K bss, 180572K reserved, 0K cma-reserved)
[    0.000000] SLUB: HWalign=64, Order=0-3, MinObjects=0, CPUs=4, Nodes=1
[    0.000000] Kernel/User page tables isolation: enabled
[    0.000000] ftrace: allocating 39402 entries in 154 pages
[    0.004000] Hierarchical RCU implementation.
[    0.004000] 	RCU restricting CPUs from NR_CPUS=8192 to nr_cpu_ids=4.
[    0.004000] 	Tasks RCU enabled.
[    0.004000] RCU: Adjusting geometry for rcu_fanout_leaf=16, nr_cpu_ids=4
[    0.004000] NR_IRQS: 524544, nr_irqs: 456, preallocated irqs: 16
[    0.004000] Console: colour VGA+ 80x25
[    0.004000] console [tty1] enabled
[    0.004000] console [ttyS0] enabled
[    0.004000] ACPI: Core revision 20170831
[    0.004000] ACPI: 2 ACPI AML tables successfully acquired and loaded
[    0.004000] APIC: Switch to symmetric I/O mode setup
[    0.004000] x2apic enabled
[    0.004000] Switched APIC routing to physical x2apic.
[    0.004000] ..TIMER: vector=0x30 apic1=0 pin1=2 apic2=-1 pin2=-1
[    0.004004] tsc: Detected 2793.532 MHz processor
[    0.004788] Calibrating delay loop (skipped) preset value.. 5587.06 BogoMIPS (lpj=11174128)
[    0.005403] pid_max: default: 32768 minimum: 301
[    0.006209] Security Framework initialized
[    0.008002] Yama: becoming mindful.
[    0.008658] AppArmor: AppArmor initialized
[    0.012092] Dentry cache hash table entries: 524288 (order: 10, 4194304 bytes)
[    0.016113] Inode-cache hash table entries: 262144 (order: 9, 2097152 bytes)
[    0.017341] Mount-cache hash table entries: 8192 (order: 4, 65536 bytes)
[    0.018440] Mountpoint-cache hash table entries: 8192 (order: 4, 65536 bytes)
[    0.019847] Last level iTLB entries: 4KB 1024, 2MB 1024, 4MB 1024
[    0.020002] Last level dTLB entries: 4KB 1024, 2MB 1024, 4MB 1024, 1GB 4
[    0.021254] Spectre V1 : Mitigation: usercopy/swapgs barriers and __user pointer sanitization
[    0.022733] Spectre V2 : Mitigation: Full generic retpoline
[    0.024002] Spectre V2 : Spectre v2 / SpectreRSB mitigation: Filling RSB on context switch
[    0.025418] Speculative Store Bypass: Vulnerable
[    0.026282] SRBDS: Unknown: Dependent on hypervisor status
[    0.027217] MDS: Mitigation: Clear CPU buffers
[    0.028133] Freeing SMP alternatives memory: 36K
[    0.138860] smpboot: CPU0: Intel(R) Core(TM) i7-4980HQ CPU @ 2.80GHz (family: 0x6, model: 0x46, stepping: 0x1)
[    0.140000] Performance Events: unsupported p6 CPU model 70 no PMU driver, software events only.
[    0.140000] Hierarchical SRCU implementation.
[    0.140464] NMI watchdog: Perf event create on CPU 0 failed with -2
[    0.141509] NMI watchdog: Perf NMI watchdog permanently disabled
[    0.142480] smp: Bringing up secondary CPUs ...
[    0.144104] x86: Booting SMP configuration:
[    0.145005] .... node  #0, CPUs:      #1
[    0.004000] kvm-clock: cpu 1, msr 1:1ff50041, secondary cpu clock
[    0.148087]  #2
[    0.004000] kvm-clock: cpu 2, msr 1:1ff50081, secondary cpu clock
[    0.152066]  #3
[    0.004000] kvm-clock: cpu 3, msr 1:1ff500c1, secondary cpu clock
[    0.156020] smp: Brought up 1 node, 4 CPUs
[    0.156939] smpboot: Max logical packages: 1
[    0.157730] smpboot: Total of 4 processors activated (22348.25 BogoMIPS)
[    0.160052] devtmpfs: initialized
[    0.160684] x86/mm: Memory block size: 128MB
[    0.161761] evm: security.selinux
[    0.162336] evm: security.SMACK64
[    0.162929] evm: security.SMACK64EXEC
[    0.164002] evm: security.SMACK64TRANSMUTE
[    0.164701] evm: security.SMACK64MMAP
[    0.165361] evm: security.apparmor
[    0.165951] evm: security.ima
[    0.166530] evm: security.capability
[    0.167211] clocksource: jiffies: mask: 0xffffffff max_cycles: 0xffffffff, max_idle_ns: 7645041785100000 ns
[    0.168010] futex hash table entries: 1024 (order: 4, 65536 bytes)
[    0.169322] pinctrl core: initialized pinctrl subsystem
[    0.170438] RTC time:  3:51:26, date: 02/11/21
[    0.172254] NET: Registered protocol family 16
[    0.173123] audit: initializing netlink subsys (disabled)
[    0.174193] audit: type=2000 audit(1613015491.458:1): state=initialized audit_enabled=0 res=1
[    0.176005] cpuidle: using governor ladder
[    0.176792] cpuidle: using governor menu
[    0.177640] ACPI: bus type PCI registered
[    0.178389] acpiphp: ACPI Hot Plug PCI Controller Driver version: 0.5
[    0.180016] PCI: Using configuration type 1 for base access
[    0.181013] HugeTLB registered 2.00 MiB page size, pre-allocated 0 pages
[    0.185741] ACPI: Added _OSI(Module Device)
[    0.185741] ACPI: Added _OSI(Processor Device)
[    0.185741] ACPI: Added _OSI(3.0 _SCP Extensions)
[    0.188007] ACPI: Added _OSI(Processor Aggregator Device)
[    0.189081] ACPI: Added _OSI(Linux-Dell-Video)
[    0.189877] ACPI: Added _OSI(Linux-Lenovo-NV-HDMI-Audio)
[    0.190818] ACPI: Added _OSI(Linux-HPI-Hybrid-Graphics)
[    0.192262] ACPI: Executed 1 blocks of module-level executable AML code
[    0.196500] ACPI: Interpreter enabled
[    0.197203] ACPI: (supports S0 S5)
[    0.197828] ACPI: Using IOAPIC for interrupt routing
[    0.198838] PCI: Using host bridge windows from ACPI; if necessary, use "pci=nocrs" and report a bug
[    0.200147] ACPI: Enabled 2 GPEs in block 00 to 07
[    0.206530] ACPI: PCI Root Bridge [PCI0] (domain 0000 [bus 00-ff])
[    0.207576] acpi PNP0A03:00: _OSC: OS supports [ASPM ClockPM Segments MSI]
[    0.208362] acpi PNP0A03:00: _OSC: not requesting OS control; OS requires [ExtendedConfig ASPM ClockPM MSI]
[    0.210109] acpi PNP0A03:00: fail to add MMCONFIG information, can't access extended PCI configuration space under this bridge.
[    0.212340] PCI host bridge to bus 0000:00
[    0.213123] pci_bus 0000:00: root bus resource [io  0x0000-0x0cf7 window]
[    0.214179] pci_bus 0000:00: root bus resource [io  0x0d00-0xffff window]
[    0.216002] pci_bus 0000:00: root bus resource [mem 0x000a0000-0x000bffff window]
[    0.217351] pci_bus 0000:00: root bus resource [mem 0xe0000000-0xfdffffff window]
[    0.218724] pci_bus 0000:00: root bus resource [bus 00-ff]
[    0.221825] pci 0000:00:01.1: legacy IDE quirk: reg 0x10: [io  0x01f0-0x01f7]
[    0.223072] pci 0000:00:01.1: legacy IDE quirk: reg 0x14: [io  0x03f6]
[    0.224004] pci 0000:00:01.1: legacy IDE quirk: reg 0x18: [io  0x0170-0x0177]
[    0.225336] pci 0000:00:01.1: legacy IDE quirk: reg 0x1c: [io  0x0376]
[    0.261137] pci 0000:00:07.0: quirk: [io  0x4000-0x403f] claimed by PIIX4 ACPI
[    0.262464] pci 0000:00:07.0: quirk: [io  0x4100-0x410f] claimed by PIIX4 SMB
[    0.284286] ACPI: PCI Interrupt Link [LNKA] (IRQs 5 9 10 *11)
[    0.285527] ACPI: PCI Interrupt Link [LNKB] (IRQs 5 9 *10 11)
[    0.286689] ACPI: PCI Interrupt Link [LNKC] (IRQs 5 *9 10 11)
[    0.287768] ACPI: PCI Interrupt Link [LNKD] (IRQs 5 9 10 *11)
[    0.288363] SCSI subsystem initialized
[    0.289119] pci 0000:00:02.0: vgaarb: setting as boot VGA device
[    0.289119] pci 0000:00:02.0: vgaarb: VGA device added: decodes=io+mem,owns=io+mem,locks=none
[    0.292009] pci 0000:00:02.0: vgaarb: bridge control possible
[    0.293018] vgaarb: loaded
[    0.293514] ACPI: bus type USB registered
[    0.294268] usbcore: registered new interface driver usbfs
[    0.295187] usbcore: registered new interface driver hub
[    0.296026] usbcore: registered new device driver usb
[    0.296986] EDAC MC: Ver: 3.0.0
[    0.296986] PCI: Using ACPI for IRQ routing
[    0.297087] NetLabel: Initializing
[    0.300006] NetLabel:  domain hash size = 128
[    0.300792] NetLabel:  protocols = UNLABELED CIPSOv4 CALIPSO
[    0.301886] NetLabel:  unlabeled traffic allowed by default
[    0.302885] clocksource: Switched to clocksource kvm-clock
[    0.315235] VFS: Disk quotas dquot_6.6.0
[    0.316120] VFS: Dquot-cache hash table entries: 512 (order 0, 4096 bytes)
[    0.317522] AppArmor: AppArmor Filesystem Enabled
[    0.318463] pnp: PnP ACPI init
[    0.320155] pnp: PnP ACPI: found 3 devices
[    0.330448] clocksource: acpi_pm: mask: 0xffffff max_cycles: 0xffffff, max_idle_ns: 2085701024 ns
[    0.332034] NET: Registered protocol family 2
[    0.332998] TCP established hash table entries: 32768 (order: 6, 262144 bytes)
[    0.334279] TCP bind hash table entries: 32768 (order: 7, 524288 bytes)
[    0.336850] TCP: Hash tables configured (established 32768 bind 32768)
[    0.338173] UDP hash table entries: 2048 (order: 4, 65536 bytes)
[    0.339211] UDP-Lite hash table entries: 2048 (order: 4, 65536 bytes)
[    0.340366] NET: Registered protocol family 1
[    0.341157] pci 0000:00:00.0: Limiting direct PCI/PCI transfers
[    0.342167] pci 0000:00:01.0: Activating ISA DMA hang workarounds
[    0.343259] pci 0000:00:02.0: Video device with shadowed ROM at [mem 0x000c0000-0x000dffff]
[    0.344795] Unpacking initramfs...
[    0.587875] Freeing initrd memory: 19220K
[    0.588804] PCI-DMA: Using software bounce buffering for IO (SWIOTLB)
[    0.589910] software IO TLB: mapped [mem 0xdbff0000-0xdfff0000] (64MB)
[    0.591003] clocksource: tsc: mask: 0xffffffffffffffff max_cycles: 0x284462ec54c, max_idle_ns: 440795344772 ns
[    0.592730] platform rtc_cmos: registered platform RTC device (no PNP device found)
[    0.594077] Scanning for low memory corruption every 60 seconds
[    0.595848] Initialise system trusted keyrings
[    0.596693] Key type blacklist registered
[    0.597523] workingset: timestamp_bits=36 max_order=20 bucket_order=0
[    0.599383] zbud: loaded
[    0.600296] squashfs: version 4.0 (2009/01/31) Phillip Lougher
[    0.601551] fuse init (API version 7.26)
[    0.605176] Key type asymmetric registered
[    0.605822] Asymmetric key parser 'x509' registered
[    0.606586] Block layer SCSI generic (bsg) driver version 0.4 loaded (major 246)
[    0.609541] io scheduler noop registered
[    0.610248] io scheduler deadline registered
[    0.611040] io scheduler cfq registered (default)
[    0.612529] ACPI: AC Adapter [AC] (on-line)
[    0.613265] input: Power Button as /devices/LNXSYSTM:00/LNXPWRBN:00/input/input0
[    0.614583] ACPI: Power Button [PWRF]
[    0.615262] input: Sleep Button as /devices/LNXSYSTM:00/LNXSLPBN:00/input/input1
[    0.616670] ACPI: Sleep Button [SLPF]
[    0.618636] ACPI: Battery Slot [BAT0] (battery present)
[    0.619645] Serial: 8250/16550 driver, 32 ports, IRQ sharing enabled
[    0.641751] 00:02: ttyS0 at I/O 0x3f8 (irq = 4, base_baud = 115200) is a 16550A
[    0.646031] Linux agpgart interface v0.103
[    0.648445] loop: module loaded
[    0.649556] scsi host0: ata_piix
[    0.650435] scsi host1: ata_piix
[    0.651068] ata1: PATA max UDMA/33 cmd 0x1f0 ctl 0x3f6 bmdma 0xd000 irq 14
[    0.652203] ata2: PATA max UDMA/33 cmd 0x170 ctl 0x376 bmdma 0xd008 irq 15
[    0.653728] libphy: Fixed MDIO Bus: probed
[    0.654468] tun: Universal TUN/TAP device driver, 1.6
[    0.655539] PPP generic driver version 2.4.2
[    0.656479] ehci_hcd: USB 2.0 'Enhanced' Host Controller (EHCI) Driver
[    0.657537] ehci-pci: EHCI PCI platform driver
[    0.658292] ehci-platform: EHCI generic platform driver
[    0.659157] ohci_hcd: USB 1.1 'Open' Host Controller (OHCI) Driver
[    0.660156] ohci-pci: OHCI PCI platform driver
[    0.660976] ohci-platform: OHCI generic platform driver
[    0.661876] uhci_hcd: USB Universal Host Controller Interface driver
[    0.662983] i8042: PNP: PS/2 Controller [PNP0303:PS2K,PNP0f03:PS2M] at 0x60,0x64 irq 1,12
[    0.664936] serio: i8042 KBD port at 0x60,0x64 irq 1
[    0.665855] serio: i8042 AUX port at 0x60,0x64 irq 12
[    0.666968] mousedev: PS/2 mouse device common for all mice
[    0.668526] rtc_cmos rtc_cmos: rtc core: registered rtc_cmos as rtc0
[    0.669698] rtc_cmos rtc_cmos: alarms up to one day, 114 bytes nvram
[    0.670800] i2c /dev entries driver
[    0.671485] device-mapper: uevent: version 1.0.3
[    0.672469] input: AT Translated Set 2 keyboard as /devices/platform/i8042/serio0/input/input2
[    0.673917] device-mapper: ioctl: 4.37.0-ioctl (2017-09-20) initialised: dm-devel@redhat.com
[    0.675915] ledtrig-cpu: registered to indicate activity on CPUs
[    0.677650] NET: Registered protocol family 10
[    0.683444] Segment Routing with IPv6
[    0.684115] NET: Registered protocol family 17
[    0.685064] Key type dns_resolver registered
[    0.686262] mce: Using 0 MCE banks
[    0.686945] RAS: Correctable Errors collector initialized.
[    0.687911] sched_clock: Marking stable (686229758, 0)->(942285236, -256055478)
[    0.690496] registered taskstats version 1
[    0.691291] Loading compiled-in X.509 certificates
[    0.693950] Loaded X.509 cert 'Build time autogenerated kernel key: 423d6fc95fe30468112015aeb92af84ef3acf368'
[    0.695473] zswap: loaded using pool lzo/zbud
[    0.699805] Key type big_key registered
[    0.700557] Key type trusted registered
[    0.702677] Key type encrypted registered
[    0.703423] AppArmor: AppArmor sha1 policy hashing enabled
[    0.704434] ima: No TPM chip found, activating TPM-bypass! (rc=-19)
[    0.705971] ima: Allocated hash algorithm: sha1
[    0.706860] evm: HMAC attrs: 0x1
[    0.707614]   Magic number: 9:455:866
[    0.708339] rtc_cmos rtc_cmos: setting system clock to 2021-02-11 03:51:27 UTC (1613015487)
[    0.710004] BIOS EDD facility v0.16 2004-Jun-25, 0 devices found
[    0.710989] EDD information not available.
[    0.818103] Freeing unused kernel image memory: 2436K
[    0.832353] Write protecting the kernel read-only data: 20480k
[    0.835393] Freeing unused kernel image memory: 2008K
[    0.836913] Freeing unused kernel image memory: 1872K
[    0.843892] x86/mm: Checked W+X mappings: passed, no W+X pages found.
[    0.845087] x86/mm: Checking user space page tables
[    0.850673] x86/mm: Checked W+X mappings: passed, no W+X pages found.
Loading, please wait...
starting version 237
[    0.908249] e1000: Intel(R) PRO/1000 Network Driver - version 7.3.21-k8-NAPI
[    0.909947] e1000: Copyright (c) 1999-2006 Intel Corporation.
[    0.911456] Fusion MPT base driver 3.04.20
[    0.912467] Copyright (c) 1999-2008 LSI Corporation
[    0.918513] Fusion MPT SPI Host driver 3.04.20
[    0.929860] AVX2 version of gcm_enc/dec engaged.
[    0.931051] AES CTR mode by8 optimization enabled
[    1.127738] input: ImExPS/2 Generic Explorer Mouse as /devices/platform/i8042/serio1/input/input4
[    1.288331] e1000 0000:00:03.0 eth0: (PCI:33MHz:32-bit) 02:ad:b8:da:8b:56
[    1.289792] e1000 0000:00:03.0 eth0: Intel(R) PRO/1000 Network Connection
[    1.292259] mptbase: ioc0: Initiating bringup
[    1.388651] ioc0: LSI53C1030 A0: Capabilities={Initiator}
[    1.649559] scsi host2: ioc0: LSI53C1030 A0, FwRev=00000000h, Ports=1, MaxQ=256, IRQ=20
[    1.817752] scsi 2:0:0:0: Direct-Access     VBOX     HARDDISK         1.0  PQ: 0 ANSI: 5
[    1.854152] scsi target2:0:0: Beginning Domain Validation
[    1.858009] scsi target2:0:0: Domain Validation skipping write tests
[    1.859256] scsi target2:0:0: Ending Domain Validation
[    1.860310] scsi target2:0:0: asynchronous
[    1.861663] scsi 2:0:1:0: Direct-Access     VBOX     HARDDISK         1.0  PQ: 0 ANSI: 5
[    2.165741] scsi target2:0:1: Beginning Domain Validation
[    2.168812] random: fast init done
[    2.169621] scsi target2:0:1: Domain Validation skipping write tests
[    2.170765] scsi target2:0:1: Ending Domain Validation
[    2.171720] scsi target2:0:1: asynchronous
[    2.175681] random: systemd-udevd: uninitialized urandom read (16 bytes read)
[    2.176774] random: systemd-udevd: uninitialized urandom read (16 bytes read)
[    2.178324] random: systemd-udevd: uninitialized urandom read (16 bytes read)
[    2.179838] sd 2:0:0:0: Attached scsi generic sg0 type 0
[    2.180864] sd 2:0:0:0: [sda] 20971520 512-byte logical blocks: (10.7 GB/10.0 GiB)
[    2.181054] sd 2:0:1:0: [sdb] 20480 512-byte logical blocks: (10.5 MB/10.0 MiB)
[    2.182382] sd 2:0:1:0: Attached scsi generic sg1 type 0
[    2.183418] sd 2:0:1:0: [sdb] Write Protect is off
[    2.184309] sd 2:0:0:0: [sda] Write Protect is off
[    2.186185] sd 2:0:1:0: [sdb] Incomplete mode parameter data
[    2.187382] sd 2:0:1:0: [sdb] Assuming drive cache: write through
[    2.187421] sd 2:0:0:0: [sda] Incomplete mode parameter data
[    2.189714] sd 2:0:0:0: [sda] Assuming drive cache: write through
[    2.193828]  sda: sda1
[    2.193922] sd 2:0:1:0: [sdb] Attached SCSI disk
[    2.195682] sd 2:0:0:0: [sda] Attached SCSI disk
[    2.198261] e1000 0000:00:08.0 eth1: (PCI:33MHz:32-bit) 08:00:27:35:30:d7
[    2.199642] e1000 0000:00:08.0 eth1: Intel(R) PRO/1000 Network Connection
[    2.202261] e1000 0000:00:03.0 enp0s3: renamed from eth0
[    2.213254] e1000 0000:00:08.0 enp0s8: renamed from eth1
Begin: Loading essential drivers ... [    3.608185] raid6: sse2x1   gen() 11294 MB/s
[    3.656205] raid6: sse2x1   xor()  7922 MB/s
[    3.704518] raid6: sse2x2   gen() 12982 MB/s
[    3.752479] raid6: sse2x2   xor()  8902 MB/s
[    3.800113] raid6: sse2x4   gen() 15462 MB/s
[    3.848053] raid6: sse2x4   xor()  9708 MB/s
[    3.896124] raid6: avx2x1   gen() 21714 MB/s
[    3.944547] raid6: avx2x1   xor() 15499 MB/s
[    3.992093] raid6: avx2x2   gen() 24355 MB/s
[    4.040564] raid6: avx2x2   xor() 16193 MB/s
[    4.088086] raid6: avx2x4   gen() 29609 MB/s
[    4.136150] raid6: avx2x4   xor() 16898 MB/s
[    4.137034] raid6: using algorithm avx2x4 gen() 29609 MB/s
[    4.138129] raid6: .... xor() 16898 MB/s, rmw enabled
[    4.139189] raid6: using avx2x2 recovery algorithm
[    4.141712] xor: automatically using best checksumming function   avx       
[    4.144276] async_tx: api initialized (async)
done.
Begin: Running /scripts/init-premount ... done.
Begin: Mounting root file system ... Begin: Running /scripts/local-top ... done.
Begin: Running /scripts/local-premount ... [    4.182507] Btrfs loaded, crc32c=crc32c-intel
Scanning for Btrfs filesystems
done.
Warning: fsck not present, so skipping root file system
[    4.204466] EXT4-fs (sda1): mounted filesystem with ordered data mode. Opts: (null)
done.
Begin: Running /scripts/local-bottom ... done.
Begin: Running /scripts/init-bottom ... done.
[    4.341202] ip_tables: (C) 2000-2006 Netfilter Core Team
[    4.346662] systemd[1]: systemd 237 running in system mode. (+PAM +AUDIT +SELINUX +IMA +APPARMOR +SMACK +SYSVINIT +UTMP +LIBCRYPTSETUP +GCRYPT +GNUTLS +ACL +XZ +LZ4 +SECCOMP +BLKID +ELFUTILS +KMOD -IDN2 +IDN -PCRE2 default-hierarchy=hybrid)
[    4.349881] systemd[1]: Detected virtualization oracle.
[    4.350695] systemd[1]: Detected architecture x86-64.

Welcome to [1mUbuntu 18.04.5 LTS[0m!

[    4.358822] systemd[1]: Set hostname to <ubuntu>.
[    4.360929] systemd[1]: Initializing machine ID from random generator.
[    4.361921] systemd[1]: Installed transient /etc/machine-id file.
[    4.538253] systemd[1]: Reached target System Time Synchronized.
[[0;32m  OK  [0m] Reached target System Time Synchronized.
[    4.543584] systemd[1]: Created slice User and Session Slice.
[[0;32m  OK  [0m] Created slice User and Session Slice.
[    4.556280] systemd[1]: Reached target Swap.
[[0;32m  OK  [0m] Reached target Swap.
[    4.558128] systemd[1]: Created slice System Slice.
[[0;32m  OK  [0m] Created slice System Slice.
[[0;32m  OK  [0m] Listening on /dev/initctl Compatibility Named Pipe.
[[0;32m  OK  [0m] Created slice system-serial\x2dgetty.slice.
[[0;32m  OK  [0m] Listening on Journal Socket.
         Starting Set the console keyboard layout...
         Mounting Kernel Debug File System...
         Starting Load Kernel Modules...
[[0;32m  OK  [0m] Set up automount Arbitrary Executab…rmats File System Automount Point.
[[0;32m  OK  [0m] Listening on LVM2 metadata daemon socket.
         Mounting Huge Pages File System...
[[0;32m  OK  [0m] Listening on Journal Socket (/dev/log).
[[0;32m  OK  [0m] Reached target User and Group Name Lookups.
[[0;32m  OK  [0m] Listening on udev Kernel Socket.
[    4.590981] Loading iSCSI transport class v2.0-870.
[    4.596022] iscsi: registered transport (tcp)
[[0;32m  OK  [0m] Listening on LVM2 poll daemon socket.
[    4.608541] iscsi: registered transport (iser)
         Mounting POSIX Message Queue File System...
[[0;32m  OK  [0m] Listening on udev Control Socket.
[[0;32m  OK  [0m] Listening on Device-mapper event daemon FIFOs.
[[0;32m  OK  [0m] Reached target Slices.
[[0;32m  OK  [0m] Listening on Network Service Netlink Socket.
         Starting Monitoring of LVM2 mirrors…ng dmeventd or progress polling...
[[0;32m  OK  [0m] Listening on Journal Audit Socket.
[[0;32m  OK  [0m] Started Forward Password Requests to Wall Directory Watch.
         Starting Create list of required st…ce nodes for the current kernel...
         Starting Uncomplicated firewall...
         Starting Remount Root and Kernel File Systems...
[[0;32m  OK  [0m] Listening on Syslog Socket.
         Starting Journal Service...
         Starting udev Coldplug all Devices...
[    4.672434] EXT4-fs (sda1): re-mounted. Opts: (null)
[[0;32m  OK  [0m] Mounted Kernel Debug File System.
[[0;32m  OK  [0m] Started Load Kernel Modules.
[[0;32m  OK  [0m] Mounted Huge Pages File System.
[[0;32m  OK  [0m] Mounted POSIX Message Queue File System.
[[0;32m  OK  [0m] Started Create list of required sta…vice nodes for the current kernel.
[[0;32m  OK  [0m] Started Uncomplicated firewall.
[[0;32m  OK  [0m] Started Remount Root and Kernel File Systems.
[[0;32m  OK  [0m] Started LVM2 metadata daemon.
         Starting Load/Save Random Seed...
         Starting Create Static Device Nodes in /dev...
         Starting Apply Kernel Variables...
         Mounting Kernel Configuration File System...
         Mounting FUSE Control File System...
[[0;32m  OK  [0m] Started Journal Service.
[[0;32m  OK  [0m] Started Set the console keyboard layout.
[[0;32m  OK  [0m] Started Load/Save Random Seed.
[[0;32m  OK  [0m] Started udev Coldplug all Devices.
[[0;32m  OK  [0m] Mounted Kernel Configuration File System.
[[0;32m  OK  [0m] Mounted FUSE Control File System.
         Starting Flush Journal to Persistent Storage...
[[0;32m  OK  [0m] Started Create Static Device Nodes in /dev.
         Starting udev Kernel Device Manager...
[[0;32m  OK  [0m] Started Apply Kernel Variables.
[[0;32m  OK  [0m] Started udev Kernel Device Manager.
[[0;32m  OK  [0m] Started Dispatch Password Requests to Console Directory Watch.
[[0;32m  OK  [0m] Reached target Local Encrypted Volumes.
[[0;32m  OK  [0m] Started Monitoring of LVM2 mirrors,…sing dmeventd or progress polling.
[[0;32m  OK  [0m] Reached target Local File Systems (Pre).
[[0;32m  OK  [0m] Reached target Local File Systems.
         Starting Commit a transient machine-id on disk...
         Starting ebtables ruleset management...
         Starting Tell Plymouth To Write Out Runtime Data...
         Starting AppArmor initialization...
         Starting Set console font and keymap...
[[0;32m  OK  [0m] Started Flush Journal to Persistent Storage.
         Starting Create Volatile Files and Directories...
[[0;32m  OK  [0m] Started Tell Plymouth To Write Out Runtime Data.
[[0;32m  OK  [0m] Started Set console font and keymap.
[[0;32m  OK  [0m] Started Create Volatile Files and Directories.
         Starting Update UTMP about System Boot/Shutdown...
[[0;32m  OK  [0m] Started Update UTMP about System Boot/Shutdown.
[[0;32m  OK  [0m] Started Commit a transient machine-id on disk.
[[0;32m  OK  [0m] Found device /dev/ttyS0.
[[0;32m  OK  [0m] Started ebtables ruleset management.
[[0;32m  OK  [0m] Listening on Load/Save RF Kill Switch Status /dev/rfkill Watch.
[[0;32m  OK  [0m] Started AppArmor initialization.
         Starting Initial cloud-init job (pre-networking)...
         Starting Load AppArmor profiles managed internally by snapd...
[[0;32m  OK  [0m] Started Load AppArmor profiles managed internally by snapd.
[    6.212551] cloud-init[603]: Cloud-init v. 20.3-2-g371b392c-0ubuntu1~18.04.1 running 'init-local' at Thu, 11 Feb 2021 03:51:32 +0000. Up 5.91 seconds.
[[0;32m  OK  [0m] Started Initial cloud-init job (pre-networking).
[[0;32m  OK  [0m] Reached target Network (Pre).
         Starting Network Service...
[[0;32m  OK  [0m] Started Network Service.
         Starting Wait for Network to be Configured...
         Starting Network Name Resolution...
[[0;32m  OK  [0m] Started Network Name Resolution.
[[0;32m  OK  [0m] Reached target Host and Network Name Lookups.
[[0;32m  OK  [0m] Reached target Network.
[[0;32m  OK  [0m] Started Wait for Network to be Configured.
         Starting Initial cloud-init job (metadata service crawler)...
[    8.057007] cloud-init[754]: Cloud-init v. 20.3-2-g371b392c-0ubuntu1~18.04.1 running 'init' at Thu, 11 Feb 2021 03:51:34 +0000. Up 7.94 seconds.
[    8.057870] cloud-init[754]: ci-info: ++++++++++++++++++++++++++++++++++++++Net device info+++++++++++++++++++++++++++++++++++++++
[    8.058849] cloud-init[754]: ci-info: +--------+-------+----------------------------+---------------+--------+-------------------+
[    8.059604] cloud-init[754]: ci-info: | Device |   Up  |          Address           |      Mask     | Scope  |     Hw-Address    |
[    8.068179] cloud-init[754]: ci-info: +--------+-------+----------------------------+---------------+--------+-------------------+
[    8.068957] cloud-init[754]: ci-info: | enp0s3 |  True |         10.0.2.15          | 255.255.255.0 | global | 02:ad:b8:da:8b:56 |
[    8.084276] cloud-init[754]: ci-info: | enp0s3 |  True | fe80::ad:b8ff:feda:8b56/64 |       .       |  link  | 02:ad:b8:da:8b:56 |
[    8.085293] cloud-init[754]: ci-info: | enp0s8 | False |             .              |       .       |   .    | 08:00:27:35:30:d7 |
[    8.086322] cloud-init[754]: ci-info: |   lo   |  True |         127.0.0.1          |   255.0.0.0   |  host  |         .         |
[    8.087111] cloud-init[754]: ci-info: |   lo   |  True |          ::1/128           |       .       |  host  |         .         |
[    8.087908] cloud-init[754]: ci-info: +--------+-------+----------------------------+---------------+--------+-------------------+
[    8.088759] cloud-init[754]: ci-info: ++++++++++++++++++++++++++++Route IPv4 info+++++++++++++++++++++++++++++
[    8.089826] cloud-init[754]: ci-info: +-------+-------------+----------+-----------------+-----------+-------+
[    8.090992] cloud-init[754]: ci-info: | Route | Destination | Gateway  |     Genmask     | Interface | Flags |
[    8.091955] cloud-init[754]: ci-info: +-------+-------------+----------+-----------------+-----------+-------+
[    8.108363] cloud-init[754]: ci-info: |   0   |   0.0.0.0   | 10.0.2.2 |     0.0.0.0     |   enp0s3  |   UG  |
[    8.120180] cloud-init[754]: ci-info: |   1   |   10.0.2.0  | 0.0.0.0  |  255.255.255.0  |   enp0s3  |   U   |
[    8.120963] cloud-init[754]: ci-info: |   2   |   10.0.2.2  | 0.0.0.0  | 255.255.255.255 |   enp0s3  |   UH  |
[    8.136286] cloud-init[754]: ci-info: +-------+-------------+----------+-----------------+-----------+-------+
[    8.136979] cloud-init[754]: ci-info: +++++++++++++++++++Route IPv6 info+++++++++++++++++++
[    8.137643] cloud-init[754]: ci-info: +-------+-------------+---------+-----------+-------+
[    8.138199] cloud-init[754]: ci-info: | Route | Destination | Gateway | Interface | Flags |
[    8.138791] cloud-init[754]: ci-info: +-------+-------------+---------+-----------+-------+
[    8.139394] cloud-init[754]: ci-info: |   1   |  fe80::/64  |    ::   |   enp0s3  |   U   |
[    8.140078] cloud-init[754]: ci-info: |   3   |    local    |    ::   |   enp0s3  |   U   |
[    8.156655] cloud-init[754]: ci-info: |   4   |   ff00::/8  |    ::   |   enp0s3  |   U   |
[    8.158327] cloud-init[754]: ci-info: +-------+-------------+---------+-----------+-------+
[    8.586130] cloud-init[754]: Generating public/private rsa key pair.
[    8.586782] cloud-init[754]: Your identification has been saved in /etc/ssh/ssh_host_rsa_key.
[    8.587467] cloud-init[754]: Your public key has been saved in /etc/ssh/ssh_host_rsa_key.pub.
[    8.588096] cloud-init[754]: The key fingerprint is:
[    8.600501] cloud-init[754]: SHA256:arMOLyV0bPXfjXsyYgDq2BDLAbRK1RhV16DErCsGFgs root@ubuntu-bionic
[    8.601365] cloud-init[754]: The key's randomart image is:
[    8.619469] cloud-init[754]: +---[RSA 2048]----+
[    8.619925] cloud-init[754]: | ..o=.+o oo      |
[[    8.632169] cloud-init[754]: |E.oo ..o+  .     |
[    8.632297] cloud-init[754]: |..+. ..o .       |
[0;32m  OK  [0m] Started Initial cloud-init job (metadata service crawler).
[    8.632643] cloud-init[754]: |.=  +.+ . .      |
[[0;32m  OK  [0m] Reached target Cloud-config availability.
[    8.644753] cloud-init[754]: |o .o *..S. . . o |
[[0;32m  OK  [0m] Reached target Network is Online.
[    8.645443] cloud-init[754]: |   o=.o.  . . o .|
[    8.646401] cloud-init[754]: |  . oB+    .   . |
[[    8.646879] cloud-init[754]: |    o+oo    o + .|
[    8.646982] cloud-init[754]: |     o+    . . + |
[    8.647230] cloud-init[754]: +----[SHA256]-----+
[    8.647318] cloud-init[754]: Generating public/private dsa key pair.
[    8.648062] cloud-init[754]: Your identification has been saved in /etc/ssh/ssh_host_dsa_key.
[    8.648119] cloud-init[754]: Your public key has been saved in /etc/ssh/ssh_host_dsa_key.pub.
[    8.649652] cloud-init[754]: The key fingerprint is:
[    8.650670] cloud-init[754]: SHA256:ZPxa0reLm8XQFY14CWLgLyzI7q2vjVST/w3/HMP/0/c root@ubuntu-bionic
[    8.651215] cloud-init[754]: The key's randomart image is:
[    8.651514] cloud-init[754]: +---[DSA 1024]----+
[    8.651832] cloud-init[754]: |        ..o .o.+ |
[    8.653412] cloud-init[754]: |       o . .. +..|
[0;32m  OK  [0m] [    8.654316] cloud-init[754]: |        =    ..  |
[    8.655390] cloud-init[754]: |   . . = + . .   |
[    8.655827] cloud-init[754]: |    o = S * o    |
Reached target Remote File Systems (Pre).
[    8.655933] cloud-init[754]: |   . . + = + o   |
[[    8.668954] cloud-init[754]: |    o   o . + + .|
[    8.669007] cloud-init[754]: |   o +   . B o =o|
[    8.669813] cloud-init[754]: |    =++   =.+.o E|
[    8.670134] cloud-init[754]: +----[SHA256]-----+
[    8.670833] cloud-init[754]: Generating public/private ecdsa key pair.
[    8.671556] cloud-init[754]: Your identification has been saved in /etc/ssh/ssh_host_ecdsa_key.
[    8.673307] cloud-init[754]: Your public key has been saved in /etc/ssh/ssh_host_ecdsa_key.pub.
[    8.674089] cloud-init[754]: The key fingerprint is:
[    8.674596] cloud-init[754]: SHA256:6HIAC4mhEtqbGXTn7JzAc46h3HX97++cbdcK3ys2RoU root@ubuntu-bionic
[    8.675695] cloud-init[754]: The key's randomart image is:
[    8.676660] cloud-init[754]: +---[ECDSA 256]---+
[    8.677425] cloud-init[754]: |o . . .          |
[    8.677582] cloud-init[754]: |+* o +   .       |
[0;32m  OK  [0m] [    8.677753] cloud-init[754]: |B + = = . .   .  |
[    8.678964] cloud-init[754]: |.o X @ +   . E . |
[    8.679638] cloud-init[754]: |  B + * S   . .  |
[    8.680304] cloud-init[754]: |     o       o   |
[    8.680709] cloud-init[754]: |    . o     o . .|
Reached target Remote File Systems.
[    8.680960] cloud-init[754]: |     o       O o*|
[    8.682661] cloud-init[754]: |            o *BO|
[    8.683405] cloud-init[754]: +----[SHA256]-----+
         [    8.696164] cloud-init[754]: Generating public/private ed25519 key pair.
[    8.696394] cloud-init[754]: Your identification has been saved in /etc/ssh/ssh_host_ed25519_key.
Starting Availability of block devices...
[    8.697163] cloud-init[754]: Your public key has been saved in /etc/ssh/ssh_host_ed25519_key.pub.
[[0;32m  OK  [0m[    8.700237] cloud-init[754]: The key fingerprint is:
[    8.700435] cloud-init[754]: SHA256:bxw+j0RNmgh78Nat+e0gT4KNgZnzwKSTuePs76lgERc root@ubuntu-bionic
[    8.701179] cloud-init[754]: The key's randomart image is:
[    8.701703] cloud-init[754]: +--[ED25519 256]--+
[    8.703160] cloud-init[754]: |    E            |
[    8.703770] cloud-init[754]: |     .           |
[    8.703840] cloud-init[754]: |  . . +     .    |
] [    8.704651] cloud-init[754]: |   o * O o *     |
[    8.705185] cloud-init[754]: |  . = O S * o    |
[    8.705968] cloud-init[754]: |   . o * X +     |
[    8.706381] cloud-init[754]: |  o o   + & o    |
[    8.707484] cloud-init[754]: | . + . . o X o   |
Reached target System Initialization.
[    8.708830] cloud-init[754]: |   .=++   . +.o  |
[[0;32m  OK  [0m] Listening on UUID daemon activation socket.
[    8.720562] cloud-init[754]: +----[SHA256]-----+
[[0;32m  OK  [0m] Listening on D-Bus System Message Bus Socket.
[[0;32m  OK  [0m] Started ACPI Events Check.
         Starting LXD - unix socket.
[[0;32m  OK  [0m] Started Daily Cleanup of Temporary Directories.
[[0;32m  OK  [0m] Started Message of the Day.
[[0;32m  OK  [0m] Listening on Open-iSCSI iscsid Socket.
[[0;32m  OK  [0m] Started Daily apt download activities.
[[0;32m  OK  [0m] Started Daily apt upgrade and clean activities.
[[0;32m  OK  [0m] Reached target Paths.
[[0;32m  OK  [0m] Listening on ACPID Listen Socket.
         Starting Socket activation for snappy daemon.
[[0;32m  OK  [0m] Started Discard unused blocks once a week.
[[0;32m  OK  [0m] Reached target Timers.
[[0;32m  OK  [0m] Started Availability of block devices.
[[0;32m  OK  [0m] Listening on LXD - unix socket.
[[0;32m  OK  [0m] Listening on Socket activation for snappy daemon.
[[0;32m  OK  [0m] Reached target Sockets.
[[0;32m  OK  [0m] Reached target Basic System.
         Starting Virtualbox guest utils...
[[0;32m  OK  [0m] Started D-Bus System Message Bus.
         Starting LSB: automatic crash report generation...
         Starting Login Service...
         Starting Dispatcher daemon for systemd-networkd...
[[0;32m  OK  [0m] Started FUSE filesystem for LXC.
[[0;32m  OK  [0m] Started Regular background program processing daemon.
[[0;32m  OK  [0m] Started Deferred execution scheduler.
[[0;32m  OK  [0m] Started irqbalance daemon.
         Starting Permit User Sessions...
         Starting Accounts Service...
         Starting Pollinate to seed the pseudo random number generator...
         Starting LSB: Record successful boot for GRUB...
         Starting System Logging Service...
         Starting Snap Daemon...
         Starting LXD - container startup/shutdown...
[[0;32m  OK  [0m] Started Login Service.
[[0;32m  OK  [0m] Started Unattended Upgrades Shutdown.
[[0;32m  OK  [0m] Started Permit User Sessions.
         Starting Hold until boot process finishes up...
         Starting Terminate Plymouth Boot Screen...
[[0;32m  OK  [0m] Started Hold until boot process finishes up.
         Starting Set console scheme...
[[0;32m  OK  [0m] Started Serial Getty on ttyS0.
[[0;32m  OK  [0m] Started Terminate Plymouth Boot Screen.
[[0;32m  OK  [0m] Started System Logging Service.
[[0;32m  OK  [0m] Started Set console scheme.
[[0;32m  OK  [0m] Created slice system-getty.slice.
[[0;32m  OK  [0m] Started Getty on tty1.
[[0;32m  OK  [0m] Reached target Login Prompts.
[[0;32m  OK  [0m] Started LSB: automatic crash report generation.
         Starting Authorization Manager...
[[0;32m  OK  [0m] Started LSB: Record successful boot for GRUB.
[[0;32m  OK  [0m] Started Virtualbox guest utils.
[[0;32m  OK  [0m] Started Authorization Manager.
[[0;32m  OK  [0m] Started Accounts Service.
[[0;32m  OK  [0m] Started LXD - container startup/shutdown.
[[0;32m  OK  [0m] Started Dispatcher daemon for systemd-networkd.
[[0;32m  OK  [0m] Started Snap Daemon.
         Starting Wait until snapd is fully seeded...
[[0;32m  OK  [0m] Started Pollinate to seed the pseudo random number generator.
         Starting OpenBSD Secure Shell server...
[[0;32m  OK  [0m] Started OpenBSD Secure Shell server.
[[0;32m  OK  [0m] Started Wait until snapd is fully seeded.
         Starting Apply the settings specified in cloud-config...
[[0;32m  OK  [0m] Reached target Multi-User System.
[[0;32m  OK  [0m] Reached target Graphical Interface.
         Starting Update UTMP about System Runlevel Changes...
[[0;32m  OK  [0m] Started Update UTMP about System Runlevel Changes.
[[0;32m  OK  [0m] Created slice User Slice of vagrant.
         Starting User Manager for UID 1000...
[[0;32m  OK  [0m] Started Session 1 of user vagrant.
[[0;32m  OK  [0m] Started User Manager for UID 1000.
[   12.992791] cloud-init[1325]: Cloud-init v. 20.3-2-g371b392c-0ubuntu1~18.04.1 running 'modules:config' at Thu, 11 Feb 2021 03:51:39 +0000. Up 12.60 seconds.
[[0;32m  OK  [0m] Started Apply the settings specified in cloud-config.
         Starting Execute cloud user/final scripts...
ci-info: no authorized SSH keys fingerprints found for user ubuntu.
<14>Feb 11 03:51:40 ec2: 
<14>Feb 11 03:51:40 ec2: #############################################################
<14>Feb 11 03:51:40 ec2: -----BEGIN SSH HOST KEY FINGERPRINTS-----
<14>Feb 11 03:51:40 ec2: 1024 SHA256:ZPxa0reLm8XQFY14CWLgLyzI7q2vjVST/w3/HMP/0/c root@ubuntu-bionic (DSA)
<14>Feb 11 03:51:40 ec2: 256 SHA256:6HIAC4mhEtqbGXTn7JzAc46h3HX97++cbdcK3ys2RoU root@ubuntu-bionic (ECDSA)
<14>Feb 11 03:51:40 ec2: 256 SHA256:bxw+j0RNmgh78Nat+e0gT4KNgZnzwKSTuePs76lgERc root@ubuntu-bionic (ED25519)
<14>Feb 11 03:51:40 ec2: 2048 SHA256:arMOLyV0bPXfjXsyYgDq2BDLAbRK1RhV16DErCsGFgs root@ubuntu-bionic (RSA)
<14>Feb 11 03:51:40 ec2: -----END SSH HOST KEY FINGERPRINTS-----
<14>Feb 11 03:51:40 ec2: #############################################################
-----BEGIN SSH HOST KEY KEYS-----
ecdsa-sha2-nistp256 AAAAE2VjZHNhLXNoYTItbmlzdHAyNTYAAAAIbmlzdHAyNTYAAABBBKewfQltoGqJP1OTBlUzfUWuI1mvfUaRG6rD6oZMNg/UDfqGt9X/nWeWSqkADZixn4+othRGjXFXYhfQav3/66A= root@ubuntu-bionic
ssh-ed25519 AAAAC3NzaC1lZDI1NTE5AAAAING9L9xWG8/JJhOQPmSjy7G9HgV6TVs0HJgEYJyvSubq root@ubuntu-bionic
ssh-rsa AAAAB3NzaC1yc2EAAAADAQABAAABAQCtJb4F7Vzfpf0OIcZo80xEwxs6K1p8kOjkUCbHwry0w++7jNB6lbn4tfybbMuA2mV0nsM3nVBzXGPvcm3QOFq7D6de/uWbTAN5ul5TNWJ2QXMRKpNTjGUuMP0q9g5aVqMcf9LjAJvha8nS4lkoArN9wc30cVFenyjF6DgXLcsTWba2M4JGiFxNHasnfj38bGweFLMZW0y9UYTkO2ZX69p61mXg4psrL/2QoAQ+PhIvHGo8PGy+vAkTYnWS1h3B4mLsHm2vZtfdikTVvLVvX8oc5oaMj/y4JY4XE6JU5PVDWK27dvyZpXfY3nMl4FgHfuFPei5fsf0qvwNs0FArXrhD root@ubuntu-bionic
-----END SSH HOST KEY KEYS-----
[   13.532231] cloud-init[1443]: Cloud-init v. 20.3-2-g371b392c-0ubuntu1~18.04.1 running 'modules:final' at Thu, 11 Feb 2021 03:51:40 +0000. Up 13.36 seconds.
[   13.533802] cloud-init[1443]: ci-info: no authorized SSH keys fingerprints found for user ubuntu.
[   13.536545] cloud-init[1443]: Cloud-init v. 20.3-2-g371b392c-0ubuntu1~18.04.1 finished at Thu, 11 Feb 2021 03:51:40 +0000. Datasource DataSourceNoCloud [seed=/dev/sdb][dsmode=net].  Up 13.52 seconds
[[0;32m  OK  [0m] Started Execute cloud user/final scripts.
[[0;32m  OK  [0m] Reached target Cloud-init target.

Ubuntu 18.04.5 LTS ubuntu-bionic ttyS0

ubuntu-bionic login: 